2024-09-05 22:33:14,361 - INFO - ----- Generated Email Addresses -----
2024-09-05 22:33:14,361 - INFO - Student Email 1: apaul@gmail.com
2024-09-05 22:33:14,361 - INFO - Student Email 2: aanyango@gmail.com
2024-09-05 22:33:14,362 - INFO - Student Email 3: aocomil@gmail.com
2024-09-05 22:33:14,362 - INFO - Student Email 4: aneema@gmail.com
2024-09-05 22:33:14,362 - INFO - Student Email 5: aikobwa@gmail.com
2024-09-05 22:33:14,362 - INFO - Student Email 6: bkasuni@gmail.com
2024-09-05 22:33:14,362 - INFO - Student Email 7: dgeleta@gmail.com
2024-09-05 22:33:14,362 - INFO - Student Email 8: elokwei@gmail.com
2024-09-05 22:33:14,362 - INFO - Student Email 9: gotieno@gmail.com
2024-09-05 22:33:14,362 - INFO - Student Email 10: gthigiti@gmail.com
2024-09-05 22:33:14,362 - INFO - Student Email 11: hali@gmail.com
2024-09-05 22:33:14,362 - INFO - Student Email 12: habduhakim@gmail.com
2024-09-05 22:33:14,362 - INFO - Student Email 13: iali@gmail.com
2024-09-05 22:33:14,362 - INFO - Student Email 14: jadebayo@gmail.com
2024-09-05 22:33:14,362 - INFO - Student Email 15: kmumbi@gmail.com
2024-09-05 22:33:14,362 - INFO - Student Email 16: kwanjiru@gmail.com
2024-09-05 22:33:14,362 - INFO - Student Email 17: kmuthoni@gmail.com
2024-09-05 22:33:14,362 - INFO - Student Email 18: kndungu@gmail.com
2024-09-05 22:33:14,362 - INFO - Student Email 19: kkendi@gmail.com
2024-09-05 22:33:14,362 - INFO - Student Email 20: kkibet@gmail.com
2024-09-05 22:33:14,362 - INFO - Student Email 21: kmfana@gmail.com
2024-09-05 22:33:14,362 - INFO - Student Email 22: kmuteithia@gmail.com
2024-09-05 22:33:14,363 - INFO - Student Email 23: kmuriithi@gmail.com
2024-09-05 22:33:14,363 - INFO - Student Email 24: kkimutai@gmail.com
2024-09-05 22:33:14,363 - INFO - Student Email 25: kwafula@gmail.com
2024-09-05 22:33:14,363 - INFO - Student Email 26: mkipngeno@gmail.com
2024-09-05 22:33:14,363 - INFO - Student Email 27: mdavid@gmail.com
2024-09-05 22:33:14,363 - INFO - Student Email 28: mmahamud@gmail.com
2024-09-05 22:33:14,363 - INFO - Student Email 29: mnyamongo@gmail.com
2024-09-05 22:33:14,363 - INFO - Student Email 30: mkarani@gmail.com
2024-09-05 22:33:14,363 - INFO - Student Email 31: mmwaura@gmail.com
2024-09-05 22:33:14,363 - INFO - Student Email 32: mwaithira@gmail.com
2024-09-05 22:33:14,363 - INFO - Student Email 33: mkanini@gmail.com
2024-09-05 22:33:14,363 - INFO - Student Email 34: mgichuhi@gmail.com
2024-09-05 22:33:14,363 - INFO - Student Email 35: mmbete@gmail.com
2024-09-05 22:33:14,363 - INFO - Student Email 36: mkaranja@gmail.com
2024-09-05 22:33:14,363 - INFO - Student Email 37: mkiamba@gmail.com
2024-09-05 22:33:14,363 - INFO - Student Email 38: mkamanthe@gmail.com
2024-09-05 22:33:14,363 - INFO - Student Email 39: mjosiah@gmail.com
2024-09-05 22:33:14,364 - INFO - Student Email 40: nkasaine@gmail.com
2024-09-05 22:33:14,364 - INFO - Student Email 41: nmonicah@gmail.com
2024-09-05 22:33:14,364 - INFO - Student Email 42: nnyambura@gmail.com
2024-09-05 22:33:14,364 - INFO - Student Email 43: nwangari@gmail.com
2024-09-05 22:33:14,364 - INFO - Student Email 44: nmutuge@gmail.com
2024-09-05 22:33:14,364 - INFO - Student Email 45: nkipkurui@gmail.com
2024-09-05 22:33:14,364 - INFO - Student Email 46: nmacharia@gmail.com
2024-09-05 22:33:14,364 - INFO - Student Email 47: nnjoki@gmail.com
2024-09-05 22:33:14,364 - INFO - Student Email 48: nkiarie@gmail.com
2024-09-05 22:33:14,364 - INFO - Student Email 49: nerica@gmail.com
2024-09-05 22:33:14,364 - INFO - Student Email 50: nmutete@gmail.com
2024-09-05 22:33:14,364 - INFO - Student Email 51: ojona@gmail.com
2024-09-05 22:33:14,364 - INFO - Student Email 52: oanyango@gmail.com
2024-09-05 22:33:14,364 - INFO - Student Email 53: ofaraja@gmail.com
2024-09-05 22:33:14,364 - INFO - Student Email 54: omagare@gmail.com
2024-09-05 22:33:14,364 - INFO - Student Email 55: ongwono@gmail.com
2024-09-05 22:33:14,365 - INFO - Student Email 56: oowens@gmail.com
2024-09-05 22:33:14,365 - INFO - Student Email 57: phirji@gmail.com
2024-09-05 22:33:14,365 - INFO - Student Email 58: tmartin@gmail.com
2024-09-05 22:33:14,365 - INFO - Student Email 59: tkipchirchir@gmail.com
2024-09-05 22:33:14,365 - INFO - Student Email 60: wmuthoni@gmail.com
2024-09-05 22:33:14,365 - INFO - Student Email 61: wnjeri@gmail.com
2024-09-05 22:33:14,365 - INFO - Student Email 62: wmbugua@gmail.com
2024-09-05 22:33:14,366 - INFO - Student Email 63: wngendo@gmail.com
2024-09-05 22:33:14,366 - INFO - Student Email 64: wkariuki@gmail.com
2024-09-05 22:33:14,366 - INFO - Student Email 65: adaisy@gmail.com
2024-09-05 22:33:14,366 - INFO - Student Email 66: aabdirizak@gmail.com
2024-09-05 22:33:14,366 - INFO - Student Email 67: amajani@gmail.com
2024-09-05 22:33:14,366 - INFO - Student Email 68: bnekesa@gmail.com
2024-09-05 22:33:14,366 - INFO - Student Email 69: bduncan@gmail.com
2024-09-05 22:33:14,366 - INFO - Student Email 70: cnoel@gmail.com
2024-09-05 22:33:14,366 - INFO - Student Email 71: djames@gmail.com
2024-09-05 22:33:14,366 - INFO - Student Email 72: easira@gmail.com
2024-09-05 22:33:14,366 - INFO - Student Email 73: fayango@gmail.com
2024-09-05 22:33:14,366 - INFO - Student Email 74: gwanjiru@gmail.com
2024-09-05 22:33:14,366 - INFO - Student Email 75: hali1@gmail.com
2024-09-05 22:33:14,366 - INFO - Student Email 76: kmiceere@gmail.com
2024-09-05 22:33:14,366 - INFO - Student Email 77: knyambura@gmail.com
2024-09-05 22:33:14,366 - INFO - Student Email 78: kmbugua@gmail.com
2024-09-05 22:33:14,367 - INFO - Student Email 79: kngendo@gmail.com
2024-09-05 22:33:14,367 - INFO - Student Email 80: kkinoti@gmail.com
2024-09-05 22:33:14,367 - INFO - Student Email 81: kvenoliah@gmail.com
2024-09-05 22:33:14,367 - INFO - Student Email 82: kkioko@gmail.com
2024-09-05 22:33:14,367 - INFO - Student Email 83: kmuthoni1@gmail.com
2024-09-05 22:33:14,367 - INFO - Student Email 84: kmwangi@gmail.com
2024-09-05 22:33:14,367 - INFO - Student Email 85: kterry@gmail.com
2024-09-05 22:33:14,367 - INFO - Student Email 86: kmutheu@gmail.com
2024-09-05 22:33:14,367 - INFO - Student Email 87: lkiplagat@gmail.com
2024-09-05 22:33:14,367 - INFO - Student Email 88: lmusa@gmail.com
2024-09-05 22:33:14,367 - INFO - Student Email 89: mkamau@gmail.com
2024-09-05 22:33:14,367 - INFO - Student Email 90: mngethe@gmail.com
2024-09-05 22:33:14,367 - INFO - Student Email 91: mchivunira@gmail.com
2024-09-05 22:33:14,367 - INFO - Student Email 92: mnyakundi@gmail.com
2024-09-05 22:33:14,367 - INFO - Student Email 93: mmatwere@gmail.com
2024-09-05 22:33:14,368 - INFO - Student Email 94: mwairimu@gmail.com
2024-09-05 22:33:14,368 - INFO - Student Email 95: mmuthomi@gmail.com
2024-09-05 22:33:14,368 - INFO - Student Email 96: mwanjiku@gmail.com
2024-09-05 22:33:14,368 - INFO - Student Email 97: mkihanya@gmail.com
2024-09-05 22:33:14,368 - INFO - Student Email 98: mkioko@gmail.com
2024-09-05 22:33:14,368 - INFO - Student Email 99: mfanisheba@gmail.com
2024-09-05 22:33:14,368 - INFO - Student Email 100: mlwaya@gmail.com
2024-09-05 22:33:14,368 - INFO - Student Email 101: mdette@gmail.com
2024-09-05 22:33:14,368 - INFO - Student Email 102: mking@gmail.com
2024-09-05 22:33:14,368 - INFO - Student Email 103: nchebukwa@gmail.com
2024-09-05 22:33:14,368 - INFO - Student Email 104: nnyambura1@gmail.com
2024-09-05 22:33:14,368 - INFO - Student Email 105: ngitonga@gmail.com
2024-09-05 22:33:14,368 - INFO - Student Email 106: ngathoni@gmail.com
2024-09-05 22:33:14,368 - INFO - Student Email 107: nndiritu@gmail.com
2024-09-05 22:33:14,368 - INFO - Student Email 108: nomwega@gmail.com
2024-09-05 22:33:14,368 - INFO - Student Email 109: nmenorah@gmail.com
2024-09-05 22:33:14,369 - INFO - Student Email 110: owarren@gmail.com
2024-09-05 22:33:14,369 - INFO - Student Email 111: oneville@gmail.com
2024-09-05 22:33:14,369 - INFO - Student Email 112: oachieng@gmail.com
2024-09-05 22:33:14,369 - INFO - Student Email 113: omokora@gmail.com
2024-09-05 22:33:14,369 - INFO - Student Email 114: rnteere@gmail.com
2024-09-05 22:33:14,369 - INFO - Student Email 115: rchepngetich@gmail.com
2024-09-05 22:33:14,369 - INFO - Student Email 116: sjeevan@gmail.com
2024-09-05 22:33:14,369 - INFO - Student Email 117: vupinkumar@gmail.com
2024-09-05 22:33:14,369 - INFO - Student Email 118: wsimiyu@gmail.com
2024-09-05 22:33:14,369 - INFO - Student Email 119: wmakena@gmail.com
2024-09-05 22:33:14,369 - INFO - Student Email 120: wmundati@gmail.com
2024-09-05 22:33:14,369 - INFO - Student Email 121: wmwangi@gmail.com
2024-09-05 22:33:14,369 - INFO - Student Email 122: wnewton@gmail.com
2024-09-05 22:33:14,369 - INFO - Student Email 123: wnekesa@gmail.com
2024-09-05 22:33:14,399 - INFO - No of male students: 75
2024-09-05 22:33:14,404 - INFO - No of female students: 48
2024-09-05 22:33:14,407 - INFO - Students with special characters in their names: 7
2024-09-05 22:33:14,407 - INFO -  - Akong'o, Shanelle Hilda Anyango
2024-09-05 22:33:14,407 - INFO -  - Ang'edu, Jude Ocomil
2024-09-05 22:33:14,407 - INFO -  - Ng'ang'a, Ian Mutuge
2024-09-05 22:33:14,407 - INFO -  - Orony, Charis Ng'wono
2024-09-05 22:33:14,407 - INFO -  - Waweru, Monika Ng'endo
2024-09-05 22:33:14,407 - INFO -  - Mbugua, Nathan Ng'ethe
2024-09-05 22:33:14,407 - INFO -  - Nyang'or, Olive Menorah
2024-09-05 23:17:00,304 - INFO - ----- Generated Email Addresses -----
2024-09-05 23:17:00,305 - INFO - Student Email 1: apaul@gmail.com
2024-09-05 23:17:00,305 - INFO - Student Email 2: aanyango@gmail.com
2024-09-05 23:17:00,305 - INFO - Student Email 3: aocomil@gmail.com
2024-09-05 23:17:00,306 - INFO - Student Email 4: aneema@gmail.com
2024-09-05 23:17:00,306 - INFO - Student Email 5: aikobwa@gmail.com
2024-09-05 23:17:00,306 - INFO - Student Email 6: bkasuni@gmail.com
2024-09-05 23:17:00,306 - INFO - Student Email 7: dgeleta@gmail.com
2024-09-05 23:17:00,306 - INFO - Student Email 8: elokwei@gmail.com
2024-09-05 23:17:00,306 - INFO - Student Email 9: gotieno@gmail.com
2024-09-05 23:17:00,306 - INFO - Student Email 10: gthigiti@gmail.com
2024-09-05 23:17:00,306 - INFO - Student Email 11: hali@gmail.com
2024-09-05 23:17:00,307 - INFO - Student Email 12: habduhakim@gmail.com
2024-09-05 23:17:00,307 - INFO - Student Email 13: iali@gmail.com
2024-09-05 23:17:00,307 - INFO - Student Email 14: jadebayo@gmail.com
2024-09-05 23:17:00,307 - INFO - Student Email 15: kmumbi@gmail.com
2024-09-05 23:17:00,307 - INFO - Student Email 16: kwanjiru@gmail.com
2024-09-05 23:17:00,307 - INFO - Student Email 17: kmuthoni@gmail.com
2024-09-05 23:17:00,307 - INFO - Student Email 18: kndungu@gmail.com
2024-09-05 23:17:00,307 - INFO - Student Email 19: kkendi@gmail.com
2024-09-05 23:17:00,307 - INFO - Student Email 20: kkibet@gmail.com
2024-09-05 23:17:00,308 - INFO - Student Email 21: kmfana@gmail.com
2024-09-05 23:17:00,308 - INFO - Student Email 22: kmuteithia@gmail.com
2024-09-05 23:17:00,308 - INFO - Student Email 23: kmuriithi@gmail.com
2024-09-05 23:17:00,308 - INFO - Student Email 24: kkimutai@gmail.com
2024-09-05 23:17:00,308 - INFO - Student Email 25: kwafula@gmail.com
2024-09-05 23:17:00,308 - INFO - Student Email 26: mkipngeno@gmail.com
2024-09-05 23:17:00,308 - INFO - Student Email 27: mdavid@gmail.com
2024-09-05 23:17:00,308 - INFO - Student Email 28: mmahamud@gmail.com
2024-09-05 23:17:00,308 - INFO - Student Email 29: mnyamongo@gmail.com
2024-09-05 23:17:00,308 - INFO - Student Email 30: mkarani@gmail.com
2024-09-05 23:17:00,308 - INFO - Student Email 31: mmwaura@gmail.com
2024-09-05 23:17:00,309 - INFO - Student Email 32: mwaithira@gmail.com
2024-09-05 23:17:00,309 - INFO - Student Email 33: mkanini@gmail.com
2024-09-05 23:17:00,309 - INFO - Student Email 34: mgichuhi@gmail.com
2024-09-05 23:17:00,309 - INFO - Student Email 35: mmbete@gmail.com
2024-09-05 23:17:00,309 - INFO - Student Email 36: mkaranja@gmail.com
2024-09-05 23:17:00,309 - INFO - Student Email 37: mkiamba@gmail.com
2024-09-05 23:17:00,309 - INFO - Student Email 38: mkamanthe@gmail.com
2024-09-05 23:17:00,309 - INFO - Student Email 39: mjosiah@gmail.com
2024-09-05 23:17:00,309 - INFO - Student Email 40: nkasaine@gmail.com
2024-09-05 23:17:00,309 - INFO - Student Email 41: nmonicah@gmail.com
2024-09-05 23:17:00,310 - INFO - Student Email 42: nnyambura@gmail.com
2024-09-05 23:17:00,310 - INFO - Student Email 43: nwangari@gmail.com
2024-09-05 23:17:00,310 - INFO - Student Email 44: nmutuge@gmail.com
2024-09-05 23:17:00,310 - INFO - Student Email 45: nkipkurui@gmail.com
2024-09-05 23:17:00,310 - INFO - Student Email 46: nmacharia@gmail.com
2024-09-05 23:17:00,310 - INFO - Student Email 47: nnjoki@gmail.com
2024-09-05 23:17:00,310 - INFO - Student Email 48: nkiarie@gmail.com
2024-09-05 23:17:00,310 - INFO - Student Email 49: nerica@gmail.com
2024-09-05 23:17:00,310 - INFO - Student Email 50: nmutete@gmail.com
2024-09-05 23:17:00,311 - INFO - Student Email 51: ojona@gmail.com
2024-09-05 23:17:00,311 - INFO - Student Email 52: oanyango@gmail.com
2024-09-05 23:17:00,311 - INFO - Student Email 53: ofaraja@gmail.com
2024-09-05 23:17:00,311 - INFO - Student Email 54: omagare@gmail.com
2024-09-05 23:17:00,311 - INFO - Student Email 55: ongwono@gmail.com
2024-09-05 23:17:00,311 - INFO - Student Email 56: oowens@gmail.com
2024-09-05 23:17:00,311 - INFO - Student Email 57: phirji@gmail.com
2024-09-05 23:17:00,311 - INFO - Student Email 58: tmartin@gmail.com
2024-09-05 23:17:00,311 - INFO - Student Email 59: tkipchirchir@gmail.com
2024-09-05 23:17:00,311 - INFO - Student Email 60: wmuthoni@gmail.com
2024-09-05 23:17:00,311 - INFO - Student Email 61: wnjeri@gmail.com
2024-09-05 23:17:00,311 - INFO - Student Email 62: wmbugua@gmail.com
2024-09-05 23:17:00,312 - INFO - Student Email 63: wngendo@gmail.com
2024-09-05 23:17:00,312 - INFO - Student Email 64: wkariuki@gmail.com
2024-09-05 23:17:00,312 - INFO - Student Email 65: adaisy@gmail.com
2024-09-05 23:17:00,312 - INFO - Student Email 66: aabdirizak@gmail.com
2024-09-05 23:17:00,312 - INFO - Student Email 67: amajani@gmail.com
2024-09-05 23:17:00,312 - INFO - Student Email 68: bnekesa@gmail.com
2024-09-05 23:17:00,312 - INFO - Student Email 69: bduncan@gmail.com
2024-09-05 23:17:00,312 - INFO - Student Email 70: cnoel@gmail.com
2024-09-05 23:17:00,312 - INFO - Student Email 71: djames@gmail.com
2024-09-05 23:17:00,312 - INFO - Student Email 72: easira@gmail.com
2024-09-05 23:17:00,312 - INFO - Student Email 73: fayango@gmail.com
2024-09-05 23:17:00,312 - INFO - Student Email 74: gwanjiru@gmail.com
2024-09-05 23:17:00,312 - INFO - Student Email 75: hali1@gmail.com
2024-09-05 23:17:00,312 - INFO - Student Email 76: kmiceere@gmail.com
2024-09-05 23:17:00,312 - INFO - Student Email 77: knyambura@gmail.com
2024-09-05 23:17:00,313 - INFO - Student Email 78: kmbugua@gmail.com
2024-09-05 23:17:00,313 - INFO - Student Email 79: kngendo@gmail.com
2024-09-05 23:17:00,313 - INFO - Student Email 80: kkinoti@gmail.com
2024-09-05 23:17:00,313 - INFO - Student Email 81: kvenoliah@gmail.com
2024-09-05 23:17:00,313 - INFO - Student Email 82: kkioko@gmail.com
2024-09-05 23:17:00,313 - INFO - Student Email 83: kmuthoni1@gmail.com
2024-09-05 23:17:00,313 - INFO - Student Email 84: kmwangi@gmail.com
2024-09-05 23:17:00,313 - INFO - Student Email 85: kterry@gmail.com
2024-09-05 23:17:00,313 - INFO - Student Email 86: kmutheu@gmail.com
2024-09-05 23:17:00,313 - INFO - Student Email 87: lkiplagat@gmail.com
2024-09-05 23:17:00,313 - INFO - Student Email 88: lmusa@gmail.com
2024-09-05 23:17:00,314 - INFO - Student Email 89: mkamau@gmail.com
2024-09-05 23:17:00,314 - INFO - Student Email 90: mngethe@gmail.com
2024-09-05 23:17:00,314 - INFO - Student Email 91: mchivunira@gmail.com
2024-09-05 23:17:00,314 - INFO - Student Email 92: mnyakundi@gmail.com
2024-09-05 23:17:00,314 - INFO - Student Email 93: mmatwere@gmail.com
2024-09-05 23:17:00,314 - INFO - Student Email 94: mwairimu@gmail.com
2024-09-05 23:17:00,314 - INFO - Student Email 95: mmuthomi@gmail.com
2024-09-05 23:17:00,315 - INFO - Student Email 96: mwanjiku@gmail.com
2024-09-05 23:17:00,315 - INFO - Student Email 97: mkihanya@gmail.com
2024-09-05 23:17:00,315 - INFO - Student Email 98: mkioko@gmail.com
2024-09-05 23:17:00,315 - INFO - Student Email 99: mfanisheba@gmail.com
2024-09-05 23:17:00,315 - INFO - Student Email 100: mlwaya@gmail.com
2024-09-05 23:17:00,315 - INFO - Student Email 101: mdette@gmail.com
2024-09-05 23:17:00,315 - INFO - Student Email 102: mking@gmail.com
2024-09-05 23:17:00,316 - INFO - Student Email 103: nchebukwa@gmail.com
2024-09-05 23:17:00,316 - INFO - Student Email 104: nnyambura1@gmail.com
2024-09-05 23:17:00,316 - INFO - Student Email 105: ngitonga@gmail.com
2024-09-05 23:17:00,316 - INFO - Student Email 106: ngathoni@gmail.com
2024-09-05 23:17:00,316 - INFO - Student Email 107: nndiritu@gmail.com
2024-09-05 23:17:00,317 - INFO - Student Email 108: nomwega@gmail.com
2024-09-05 23:17:00,317 - INFO - Student Email 109: nmenorah@gmail.com
2024-09-05 23:17:00,317 - INFO - Student Email 110: owarren@gmail.com
2024-09-05 23:17:00,317 - INFO - Student Email 111: oneville@gmail.com
2024-09-05 23:17:00,317 - INFO - Student Email 112: oachieng@gmail.com
2024-09-05 23:17:00,317 - INFO - Student Email 113: omokora@gmail.com
2024-09-05 23:17:00,317 - INFO - Student Email 114: rnteere@gmail.com
2024-09-05 23:17:00,317 - INFO - Student Email 115: rchepngetich@gmail.com
2024-09-05 23:17:00,317 - INFO - Student Email 116: sjeevan@gmail.com
2024-09-05 23:17:00,318 - INFO - Student Email 117: vupinkumar@gmail.com
2024-09-05 23:17:00,318 - INFO - Student Email 118: wsimiyu@gmail.com
2024-09-05 23:17:00,318 - INFO - Student Email 119: wmakena@gmail.com
2024-09-05 23:17:00,318 - INFO - Student Email 120: wmundati@gmail.com
2024-09-05 23:17:00,318 - INFO - Student Email 121: wmwangi@gmail.com
2024-09-05 23:17:00,318 - INFO - Student Email 122: wnewton@gmail.com
2024-09-05 23:17:00,318 - INFO - Student Email 123: wnekesa@gmail.com
2024-09-05 23:17:00,408 - INFO - No of male students: 75
2024-09-05 23:17:00,417 - INFO - No of female students: 48
2024-09-05 23:17:00,426 - INFO - Students with special characters in their names: 7
2024-09-05 23:17:00,427 - INFO -  - Akong'o, Shanelle Hilda Anyango
2024-09-05 23:17:00,427 - INFO -  - Ang'edu, Jude Ocomil
2024-09-05 23:17:00,427 - INFO -  - Ng'ang'a, Ian Mutuge
2024-09-05 23:17:00,427 - INFO -  - Orony, Charis Ng'wono
2024-09-05 23:17:00,427 - INFO -  - Waweru, Monika Ng'endo
2024-09-05 23:17:00,427 - INFO -  - Mbugua, Nathan Ng'ethe
2024-09-05 23:17:00,427 - INFO -  - Nyang'or, Olive Menorah
